<?xml version="1.0" encoding="UTF-8"?>
<testsuite xmlns:xsi="http://www.w3.org/2001/XMLSchema-instance" xsi:noNamespaceSchemaLocation="https://maven.apache.org/surefire/maven-surefire-plugin/xsd/surefire-test-report-3.0.xsd" version="3.0" name="features.TestRunner" time="11.179" tests="12" errors="0" skipped="0" failures="0">
  <properties>
[...]
</properties>
  <testcase name="[1:7] Delete post using path param" classname="features/delete" time="2.437">
    <system-out><![CDATA[---------------------------------------------------------
feature: classpath:features/delete.feature
scenarios:  1 | passed:  1 | failed:  0 | time: 1.2368
---------------------------------------------------------

]]></system-out>
    <system-err><![CDATA[SLF4J: Failed to load class "org.slf4j.impl.StaticLoggerBinder".
SLF4J: Defaulting to no-operation (NOP) logger implementation
SLF4J: See http://www.slf4j.org/codes.html#StaticLoggerBinder for further details.
]]></system-err>
  </testcase>
  <testcase name="[1:8] Get request from jsonplaceholders" classname="features/get" time="0.563"/>
  <testcase name="[2:14] Get request from jsonplaceholders by single id" classname="features/get" time="0.508"/>
  <testcase name="[3:21] Response Matching and Validation" classname="features/get" time="0.502"/>
  <testcase name="[4:30] Query Parameter" classname="features/get" time="0.649">
    <system-out><![CDATA[---------------------------------------------------------
feature: classpath:features/get.feature
scenarios:  4 | passed:  4 | failed:  0 | time: 2.0905
---------------------------------------------------------

]]></system-out>
  </testcase>
  <testcase name="[1:3] Patch Request example" classname="features/patch" time="0.907">
    <system-out><![CDATA[---------------------------------------------------------
feature: classpath:features/patch.feature
scenarios:  1 | passed:  1 | failed:  0 | time: 0.8311
---------------------------------------------------------

]]></system-out>
  </testcase>
  <testcase name="[1:8] post request example" classname="features/post" time="0.774"/>
  <testcase name="[2:25] Post Request using external files" classname="features/post" time="0.776"/>
  <testcase name="[3:36] Post Request validation using external file" classname="features/post" time="0.853">
    <system-out><![CDATA[---------------------------------------------------------
feature: classpath:features/post.feature
scenarios:  3 | passed:  3 | failed:  0 | time: 2.3028
---------------------------------------------------------

]]></system-out>
  </testcase>
  <testcase name="[1:8] Put example" classname="features/put" time="0.751"/>
  <testcase name="[2:25] Put example with external file updations" classname="features/put" time="0.817">
    <system-out><![CDATA[---------------------------------------------------------
feature: classpath:features/put.feature
scenarios:  2 | passed:  2 | failed:  0 | time: 1.5066
---------------------------------------------------------

]]></system-out>
  </testcase>
  <testcase name="[1:37] Get post by ID" classname="features/req" time="0.765">
    <system-out><![CDATA[---------------------------------------------------------
feature: classpath:features/req.feature
scenarios:  1 | passed:  1 | failed:  0 | time: 0.4897
---------------------------------------------------------

Karate version: 1.4.1
======================================================
elapsed:  10.44 | threads:    1 | thread time: 8.46 
features:     6 | skipped:    0 | efficiency: 0.81
scenarios:   12 | passed:    12 | failed: 0
======================================================

HTML report: (paste into browser to view) | Karate version: 1.4.1
file:///C:/Karate-Vs-code/karate-assignment-api/target/karate-reports/karate-summary.html
===================================================================

]]></system-out>
  </testcase>
</testsuite>